<?xml version="1.0" encoding="UTF-8"?>
<!-- Generated by org.testng.reporters.JUnitReportReporter -->
<testsuite hostname="LAPTOP-81CMT1JM" failures="0" tests="1" name="com.bella.TestCasess.TestCasess" time="8.929" errors="0" timestamp="2023-11-01T10:17:01 IST" skipped="0">
  <testcase classname="com.bella.TestCasess.TestCasess" name="m1" time="8.929"/>
  <system-out/>
</testsuite> <!-- com.bella.TestCasess.TestCasess -->
