<?xml version="1.0" encoding="UTF-8"?>
<!-- Generated by org.testng.reporters.JUnitReportReporter -->
<testsuite hostname="LAPTOP-81CMT1JM" failures="0" tests="1" name="com.bella.featurRunner.Credential" time="0.155" errors="0" timestamp="2023-11-09T16:09:11 IST" skipped="0">
  <testcase classname="com.bella.featurRunner.Credential" name="getCredentialUsername" time="0.155"/>
  <system-out/>
</testsuite> <!-- com.bella.featurRunner.Credential -->
