<?xml version="1.0" encoding="UTF-8"?>
<!-- Generated by org.testng.reporters.JUnitReportReporter -->
<testsuite hostname="LAPTOP-81CMT1JM" failures="0" tests="1" name="com.bella.TestCasess.TestCaseFirst" time="16.638" errors="0" timestamp="2023-10-30T23:29:22 IST" skipped="0">
  <testcase classname="com.bella.TestCasess.TestCaseFirst" name="m1" time="16.638"/>
  <system-out/>
</testsuite> <!-- com.bella.TestCasess.TestCaseFirst -->
